<?xml version="1.0" encoding="UTF-8"?>
<testng-results skipped="0" failed="1" total="5" passed="4">
  <reporter-output>
  </reporter-output>
  <suite name="Command line suite" duration-ms="16" started-at="2016-06-09T17:57:13Z" finished-at="2016-06-09T17:57:13Z">
    <groups>
    </groups>
    <test name="Command line test" duration-ms="16" started-at="2016-06-09T17:57:13Z" finished-at="2016-06-09T17:57:13Z">
      <class name="LoginTestNGTest">
        <test-method status="PASS" signature="aTest()" name="aTest" duration-ms="0" started-at="2016-06-09T17:57:13Z" finished-at="2016-06-09T17:57:13Z">
        </test-method>
        <test-method status="PASS" signature="cleanUp()" name="cleanUp" is-config="true" duration-ms="0" started-at="2016-06-09T17:57:13Z" finished-at="2016-06-09T17:57:13Z">
        </test-method>
        <test-method status="PASS" signature="cleanUp()" name="cleanUp" duration-ms="0" started-at="2016-06-09T17:57:13Z" finished-at="2016-06-09T17:57:13Z">
        </test-method>
        <test-method status="PASS" signature="testMethodTwo()" name="testMethodTwo" duration-ms="0" started-at="2016-06-09T17:57:13Z" finished-at="2016-06-09T17:57:13Z">
        </test-method>
        <test-method status="PASS" signature="setUp()" name="setUp" is-config="true" duration-ms="0" started-at="2016-06-09T17:57:13Z" finished-at="2016-06-09T17:57:13Z">
        </test-method>
        <test-method status="PASS" signature="testMethodOne()" name="testMethodOne" duration-ms="0" started-at="2016-06-09T17:57:13Z" finished-at="2016-06-09T17:57:13Z">
        </test-method>
      </class>
      <class name="FileUploadTestNGTest">
        <test-method status="PASS" signature="setUp()" name="setUp" is-config="true" duration-ms="16" started-at="2016-06-09T17:57:13Z" finished-at="2016-06-09T17:57:13Z">
        </test-method>
        <test-method status="FAIL" signature="main([Ljava.lang.String;)" name="main" duration-ms="0" started-at="2016-06-09T17:57:13Z" finished-at="2016-06-09T17:57:13Z">
          <exception class="org.testng.TestNGException">
            <message>
              <![CDATA[
Method main requires 1 parameters but 0 were supplied in the @Test annotation.]]>
            </message>
            <full-stacktrace>
              <![CDATA[org.testng.TestNGException: 
Method main requires 1 parameters but 0 were supplied in the @Test annotation.
	at org.testng.internal.Parameters.checkParameterTypes(Parameters.java:187)
	at org.testng.internal.Parameters.createParameters(Parameters.java:123)
	at org.testng.internal.Parameters.createParameters(Parameters.java:357)
	at org.testng.internal.Parameters.handleParameters(Parameters.java:433)
	at org.testng.internal.Invoker.handleParameters(Invoker.java:1315)
	at org.testng.internal.Invoker.createParameters(Invoker.java:1022)
	at org.testng.internal.Invoker.invokeTestMethods(Invoker.java:1122)
	at org.testng.internal.TestMethodWorker.invokeTestMethods(TestMethodWorker.java:125)
	at org.testng.internal.TestMethodWorker.run(TestMethodWorker.java:109)
	at org.testng.TestRunner.runWorkers(TestRunner.java:1147)
	at org.testng.TestRunner.privateRun(TestRunner.java:749)
	at org.testng.TestRunner.run(TestRunner.java:600)
	at org.testng.SuiteRunner.runTest(SuiteRunner.java:317)
	at org.testng.SuiteRunner.runSequentially(SuiteRunner.java:312)
	at org.testng.SuiteRunner.privateRun(SuiteRunner.java:274)
	at org.testng.SuiteRunner.run(SuiteRunner.java:223)
	at org.testng.SuiteRunnerWorker.runSuite(SuiteRunnerWorker.java:52)
	at org.testng.SuiteRunnerWorker.run(SuiteRunnerWorker.java:86)
	at org.testng.TestNG.runSuitesSequentially(TestNG.java:1039)
	at org.testng.TestNG.runSuitesLocally(TestNG.java:964)
	at org.testng.TestNG.run(TestNG.java:900)
	at org.apache.maven.surefire.testng.TestNGExecutor.run(TestNGExecutor.java:70)
	at org.apache.maven.surefire.testng.TestNGDirectoryTestSuite.executeMulti(TestNGDirectoryTestSuite.java:158)
	at org.apache.maven.surefire.testng.TestNGDirectoryTestSuite.execute(TestNGDirectoryTestSuite.java:98)
	at org.apache.maven.surefire.testng.TestNGProvider.invoke(TestNGProvider.java:111)
	at sun.reflect.NativeMethodAccessorImpl.invoke0(Native Method)
	at sun.reflect.NativeMethodAccessorImpl.invoke(NativeMethodAccessorImpl.java:62)
	at sun.reflect.DelegatingMethodAccessorImpl.invoke(DelegatingMethodAccessorImpl.java:43)
	at java.lang.reflect.Method.invoke(Method.java:483)
	at org.apache.maven.surefire.util.ReflectionUtils.invokeMethodWithArray(ReflectionUtils.java:164)
	at org.apache.maven.surefire.booter.ProviderFactory$ProviderProxy.invoke(ProviderFactory.java:110)
	at org.apache.maven.surefire.booter.SurefireStarter.invokeProvider(SurefireStarter.java:175)
	at org.apache.maven.surefire.booter.SurefireStarter.runSuitesInProcessWhenForked(SurefireStarter.java:107)
	at org.apache.maven.surefire.booter.ForkedBooter.main(ForkedBooter.java:68)
]]>
            </full-stacktrace>
          </exception>
        </test-method>
      </class>
    </test>
  </suite>
</testng-results>
